C:\Users\Milos\source\repos\PriceUpdater\AngularClient\dist\out-tsc\app\material\material.module.js
C:\Users\Milos\source\repos\PriceUpdater\AngularClient\dist\out-tsc\app\material\material.module.js.map
C:\Users\Milos\source\repos\PriceUpdater\AngularClient\dist\out-tsc\app\models\confederation.model.js
C:\Users\Milos\source\repos\PriceUpdater\AngularClient\dist\out-tsc\app\models\confederation.model.js.map
C:\Users\Milos\source\repos\PriceUpdater\AngularClient\dist\out-tsc\app\models\country.model.js
C:\Users\Milos\source\repos\PriceUpdater\AngularClient\dist\out-tsc\app\models\country.model.js.map
C:\Users\Milos\source\repos\PriceUpdater\AngularClient\dist\out-tsc\enviroments\enviroment.js
C:\Users\Milos\source\repos\PriceUpdater\AngularClient\dist\out-tsc\enviroments\enviroment.js.map
C:\Users\Milos\source\repos\PriceUpdater\AngularClient\dist\out-tsc\app\team.service.js
C:\Users\Milos\source\repos\PriceUpdater\AngularClient\dist\out-tsc\app\team.service.js.map
C:\Users\Milos\source\repos\PriceUpdater\AngularClient\dist\out-tsc\app\create-country\create-country.component.js
C:\Users\Milos\source\repos\PriceUpdater\AngularClient\dist\out-tsc\app\create-country\create-country.component.js.map
C:\Users\Milos\source\repos\PriceUpdater\AngularClient\dist\out-tsc\app\delete-country\delete-country.component.js
C:\Users\Milos\source\repos\PriceUpdater\AngularClient\dist\out-tsc\app\delete-country\delete-country.component.js.map
C:\Users\Milos\source\repos\PriceUpdater\AngularClient\dist\out-tsc\app\main-page\main-page.component.js
C:\Users\Milos\source\repos\PriceUpdater\AngularClient\dist\out-tsc\app\main-page\main-page.component.js.map
C:\Users\Milos\source\repos\PriceUpdater\AngularClient\dist\out-tsc\app\main-page\individual-country\individual-country.component.js
C:\Users\Milos\source\repos\PriceUpdater\AngularClient\dist\out-tsc\app\main-page\individual-country\individual-country.component.js.map
C:\Users\Milos\source\repos\PriceUpdater\AngularClient\dist\out-tsc\app\app-routing.module.js
C:\Users\Milos\source\repos\PriceUpdater\AngularClient\dist\out-tsc\app\app-routing.module.js.map
C:\Users\Milos\source\repos\PriceUpdater\AngularClient\dist\out-tsc\app\app.component.js
C:\Users\Milos\source\repos\PriceUpdater\AngularClient\dist\out-tsc\app\app.component.js.map
C:\Users\Milos\source\repos\PriceUpdater\AngularClient\dist\out-tsc\app\app.module.js
C:\Users\Milos\source\repos\PriceUpdater\AngularClient\dist\out-tsc\app\app.module.js.map
C:\Users\Milos\source\repos\PriceUpdater\AngularClient\dist\out-tsc\main.js
C:\Users\Milos\source\repos\PriceUpdater\AngularClient\dist\out-tsc\main.js.map
C:\Users\Milos\source\repos\PriceUpdater\AngularClient\dist\out-tsc\app\app.component.spec.js
C:\Users\Milos\source\repos\PriceUpdater\AngularClient\dist\out-tsc\app\app.component.spec.js.map
C:\Users\Milos\source\repos\PriceUpdater\AngularClient\dist\out-tsc\app\team.service.spec.js
C:\Users\Milos\source\repos\PriceUpdater\AngularClient\dist\out-tsc\app\team.service.spec.js.map
C:\Users\Milos\source\repos\PriceUpdater\AngularClient\dist\out-tsc\app\create-country\create-country.component.spec.js
C:\Users\Milos\source\repos\PriceUpdater\AngularClient\dist\out-tsc\app\create-country\create-country.component.spec.js.map
C:\Users\Milos\source\repos\PriceUpdater\AngularClient\dist\out-tsc\app\delete-country\delete-country.component.spec.js
C:\Users\Milos\source\repos\PriceUpdater\AngularClient\dist\out-tsc\app\delete-country\delete-country.component.spec.js.map
C:\Users\Milos\source\repos\PriceUpdater\AngularClient\dist\out-tsc\app\individual-country\individual-country.component.js
C:\Users\Milos\source\repos\PriceUpdater\AngularClient\dist\out-tsc\app\individual-country\individual-country.component.js.map
C:\Users\Milos\source\repos\PriceUpdater\AngularClient\dist\out-tsc\app\individual-country\individual-country.component.spec.js
C:\Users\Milos\source\repos\PriceUpdater\AngularClient\dist\out-tsc\app\individual-country\individual-country.component.spec.js.map
C:\Users\Milos\source\repos\PriceUpdater\AngularClient\dist\out-tsc\app\main-page\main-page.component.spec.js
C:\Users\Milos\source\repos\PriceUpdater\AngularClient\dist\out-tsc\app\main-page\main-page.component.spec.js.map
C:\Users\Milos\source\repos\PriceUpdater\AngularClient\dist\out-tsc\app\main-page\individual-country\individual-country.component.spec.js
C:\Users\Milos\source\repos\PriceUpdater\AngularClient\dist\out-tsc\app\main-page\individual-country\individual-country.component.spec.js.map
C:\Users\Milos\source\repos\PriceUpdater\AngularClient\dist\out-tsc\enviroments\enviroment.prod.js
C:\Users\Milos\source\repos\PriceUpdater\AngularClient\dist\out-tsc\enviroments\enviroment.prod.js.map
